0 info it worked if it ends with ok
1 verbose cli [
1 verbose cli   'C:\\Program Files\\nodejs\\node.exe',
1 verbose cli   'C:\\Program Files\\nodejs\\node_modules\\npm\\bin\\npm-cli.js',
1 verbose cli   'install',
1 verbose cli   'gh-pages',
1 verbose cli   '—',
1 verbose cli   'save-dev'
1 verbose cli ]
2 info using npm@6.14.13
3 info using node@v14.17.3
4 verbose npm-session 4596287b58cd3166
5 silly install loadCurrentTree
6 silly install readLocalPackageData
7 silly fetchPackageMetaData error for gh-pages@latest install gh-pages — save-dev is not a legal HTTP header value
8 silly fetchPackageMetaData error for save-dev@latest install gh-pages — save-dev is not a legal HTTP header value
9 timing stage:rollbackFailedOptional Completed in 2ms
10 timing stage:runTopLevelLifecycles Completed in 3859ms
11 verbose stack Error: Invalid tag name "—": Tags may not have any characters that encodeURIComponent encodes.
11 verbose stack     at invalidTagName (C:\Program Files\nodejs\node_modules\npm\node_modules\npm-package-arg\npa.js:91:15)
11 verbose stack     at fromRegistry (C:\Program Files\nodejs\node_modules\npm\node_modules\npm-package-arg\npa.js:296:13)
11 verbose stack     at resolve (C:\Program Files\nodejs\node_modules\npm\node_modules\npm-package-arg\npa.js:81:12)
11 verbose stack     at npa (C:\Program Files\nodejs\node_modules\npm\node_modules\npm-package-arg\npa.js:52:10)
11 verbose stack     at C:\Program Files\nodejs\node_modules\npm\lib\install\deps.js:231:14
11 verbose stack     at C:\Program Files\nodejs\node_modules\npm\node_modules\slide\lib\async-map.js:52:35
11 verbose stack     at Array.forEach (<anonymous>)
11 verbose stack     at C:\Program Files\nodejs\node_modules\npm\node_modules\slide\lib\async-map.js:52:11
11 verbose stack     at Array.forEach (<anonymous>)
11 verbose stack     at asyncMap (C:\Program Files\nodejs\node_modules\npm\node_modules\slide\lib\async-map.js:51:8)
11 verbose stack     at exports.getAllMetadata (C:\Program Files\nodejs\node_modules\npm\lib\install\deps.js:228:3)
11 verbose stack     at Installer.loadArgMetadata (C:\Program Files\nodejs\node_modules\npm\lib\install.js:366:3)
11 verbose stack     at C:\Program Files\nodejs\node_modules\npm\lib\install.js:704:16
11 verbose stack     at C:\Program Files\nodejs\node_modules\npm\lib\install\read-shrinkwrap.js:33:16
11 verbose stack     at tryCatcher (C:\Program Files\nodejs\node_modules\npm\node_modules\bluebird\js\release\util.js:16:23)
11 verbose stack     at Promise._settlePromiseFromHandler (C:\Program Files\nodejs\node_modules\npm\node_modules\bluebird\js\release\promise.js:517:31)
12 verbose cwd C:\Users\Manur\Desktop\react_project\my_app
13 verbose Windows_NT 10.0.22000
14 verbose argv "C:\\Program Files\\nodejs\\node.exe" "C:\\Program Files\\nodejs\\node_modules\\npm\\bin\\npm-cli.js" "install" "gh-pages" "—" "save-dev"
15 verbose node v14.17.3
16 verbose npm  v6.14.13
17 error code EINVALIDTAGNAME
18 error Invalid tag name "—": Tags may not have any characters that encodeURIComponent encodes.
19 verbose exit [ 1, true ]
